This file contains any messages produced by compilers while
running configure, to aid debugging if configure makes a mistake.

It was created by libpng configure 1.6.22, which was
generated by GNU Autoconf 2.69.  Invocation command line was

  $ ./configure 

## --------- ##
## Platform. ##
## --------- ##

hostname = ofir
uname -m = x86_64
uname -r = 3.13.0-86-generic
uname -s = Linux
uname -v = #131-Ubuntu SMP Thu May 12 23:33:13 UTC 2016

/usr/bin/uname -p = unknown
/bin/uname -X     = unknown

/bin/arch              = unknown
/usr/bin/arch -k       = unknown
/usr/convex/getsysinfo = unknown
/usr/bin/hostinfo      = unknown
/bin/machine           = unknown
/usr/bin/oslevel       = unknown
/bin/universe          = unknown

PATH: /usr/local/sbin
PATH: /usr/local/bin
PATH: /usr/sbin
PATH: /usr/bin
PATH: /sbin
PATH: /bin
PATH: /usr/games
PATH: /usr/local/games
PATH: /opt/java/jre1.8.0_25/bin
PATH: /home/ofir/tizen-tv-sdk/tools
PATH: /opt/eclipse
PATH: /opt/smartgit/bin
PATH: /home/ofir/Android/Ndk/android-ndk-r10d/
PATH: /home/ofir/Android/Sdk/platform-tools/
PATH: /home/ofir/Android/Sdk/tools/
PATH: /opt/java/jdk1.8.0_45/bin
PATH: /home/ofir/Android/android-studio/bin/


## ----------- ##
## Core tests. ##
## ----------- ##

configure:2329: checking for a BSD-compatible install
configure:2397: result: /usr/bin/install -c
configure:2408: checking whether build environment is sane
configure:2463: result: yes
configure:2614: checking for a thread-safe mkdir -p
configure:2653: result: /bin/mkdir -p
configure:2660: checking for gawk
configure:2676: found /usr/bin/gawk
configure:2687: result: gawk
configure:2698: checking whether make sets $(MAKE)
configure:2720: result: yes
configure:2749: checking whether make supports nested variables
configure:2766: result: yes
configure:2896: checking whether to enable maintainer-specific portions of Makefiles
configure:2905: result: no
configure:2985: checking for gcc
configure:3001: found /usr/bin/gcc
configure:3012: result: gcc
configure:3241: checking for C compiler version
configure:3250: gcc --version >&5
gcc (Ubuntu 4.8.4-2ubuntu1~14.04.3) 4.8.4
Copyright (C) 2013 Free Software Foundation, Inc.
This is free software; see the source for copying conditions.  There is NO
warranty; not even for MERCHANTABILITY or FITNESS FOR A PARTICULAR PURPOSE.

configure:3261: $? = 0
configure:3250: gcc -v >&5
Using built-in specs.
COLLECT_GCC=gcc
COLLECT_LTO_WRAPPER=/usr/lib/gcc/x86_64-linux-gnu/4.8/lto-wrapper
Target: x86_64-linux-gnu
Configured with: ../src/configure -v --with-pkgversion='Ubuntu 4.8.4-2ubuntu1~14.04.3' --with-bugurl=file:///usr/share/doc/gcc-4.8/README.Bugs --enable-languages=c,c++,java,go,d,fortran,objc,obj-c++ --prefix=/usr --program-suffix=-4.8 --enable-shared --enable-linker-build-id --libexecdir=/usr/lib --without-included-gettext --enable-threads=posix --with-gxx-include-dir=/usr/include/c++/4.8 --libdir=/usr/lib --enable-nls --with-sysroot=/ --enable-clocale=gnu --enable-libstdcxx-debug --enable-libstdcxx-time=yes --enable-gnu-unique-object --disable-libmudflap --enable-plugin --with-system-zlib --disable-browser-plugin --enable-java-awt=gtk --enable-gtk-cairo --with-java-home=/usr/lib/jvm/java-1.5.0-gcj-4.8-amd64/jre --enable-java-home --with-jvm-root-dir=/usr/lib/jvm/java-1.5.0-gcj-4.8-amd64 --with-jvm-jar-dir=/usr/lib/jvm-exports/java-1.5.0-gcj-4.8-amd64 --with-arch-directory=amd64 --with-ecj-jar=/usr/share/java/eclipse-ecj.jar --enable-objc-gc --enable-multiarch --disable-werror --with-arch-32=i686 --with-abi=m64 --with-multilib-list=m32,m64,mx32 --with-tune=generic --enable-checking=release --build=x86_64-linux-gnu --host=x86_64-linux-gnu --target=x86_64-linux-gnu
Thread model: posix
gcc version 4.8.4 (Ubuntu 4.8.4-2ubuntu1~14.04.3) 
configure:3261: $? = 0
configure:3250: gcc -V >&5
gcc: error: unrecognized command line option '-V'
gcc: fatal error: no input files
compilation terminated.
configure:3261: $? = 4
configure:3250: gcc -qversion >&5
gcc: error: unrecognized command line option '-qversion'
gcc: fatal error: no input files
compilation terminated.
configure:3261: $? = 4
configure:3281: checking whether the C compiler works
configure:3303: gcc    conftest.c  >&5
configure:3307: $? = 0
configure:3355: result: yes
configure:3358: checking for C compiler default output file name
configure:3360: result: a.out
configure:3366: checking for suffix of executables
configure:3373: gcc -o conftest    conftest.c  >&5
configure:3377: $? = 0
configure:3399: result: 
configure:3421: checking whether we are cross compiling
configure:3429: gcc -o conftest    conftest.c  >&5
configure:3433: $? = 0
configure:3440: ./conftest
configure:3444: $? = 0
configure:3459: result: no
configure:3464: checking for suffix of object files
configure:3486: gcc -c   conftest.c >&5
configure:3490: $? = 0
configure:3511: result: o
configure:3515: checking whether we are using the GNU C compiler
configure:3534: gcc -c   conftest.c >&5
configure:3534: $? = 0
configure:3543: result: yes
configure:3552: checking whether gcc accepts -g
configure:3572: gcc -c -g  conftest.c >&5
configure:3572: $? = 0
configure:3613: result: yes
configure:3630: checking for gcc option to accept ISO C89
configure:3693: gcc  -c -g -O2  conftest.c >&5
configure:3693: $? = 0
configure:3706: result: none needed
configure:3731: checking whether gcc understands -c and -o together
configure:3753: gcc -c conftest.c -o conftest2.o
configure:3756: $? = 0
configure:3753: gcc -c conftest.c -o conftest2.o
configure:3756: $? = 0
configure:3768: result: yes
configure:3796: checking for style of include used by make
configure:3824: result: GNU
configure:3850: checking dependency style of gcc
configure:3961: result: gcc3
configure:3985: checking dependency style of gcc
configure:4094: result: gcc3
configure:4113: checking build system type
configure:4127: result: x86_64-unknown-linux-gnu
configure:4147: checking host system type
configure:4160: result: x86_64-unknown-linux-gnu
configure:4180: checking for a sed that does not truncate output
configure:4244: result: /bin/sed
configure:4262: checking for grep that handles long lines and -e
configure:4320: result: /bin/grep
configure:4325: checking for egrep
configure:4387: result: /bin/grep -E
configure:4392: checking for fgrep
configure:4454: result: /bin/grep -F
configure:4481: checking how to print strings
configure:4508: result: printf
configure:4541: checking for ld used by gcc
configure:4608: result: /usr/bin/ld
configure:4615: checking if the linker (/usr/bin/ld) is GNU ld
configure:4630: result: yes
configure:4647: checking how to run the C preprocessor
configure:4678: gcc -E  conftest.c
configure:4678: $? = 0
configure:4692: gcc -E  conftest.c
conftest.c:11:28: fatal error: ac_nonexistent.h: No such file or directory
 #include <ac_nonexistent.h>
                            ^
compilation terminated.
configure:4692: $? = 1
configure: failed program was:
| /* confdefs.h */
| #define PACKAGE_NAME "libpng"
| #define PACKAGE_TARNAME "libpng"
| #define PACKAGE_VERSION "1.6.22"
| #define PACKAGE_STRING "libpng 1.6.22"
| #define PACKAGE_BUGREPORT "png-mng-implement@lists.sourceforge.net"
| #define PACKAGE_URL ""
| #define PACKAGE "libpng"
| #define VERSION "1.6.22"
| /* end confdefs.h.  */
| #include <ac_nonexistent.h>
configure:4717: result: gcc -E
configure:4737: gcc -E  conftest.c
configure:4737: $? = 0
configure:4751: gcc -E  conftest.c
conftest.c:11:28: fatal error: ac_nonexistent.h: No such file or directory
 #include <ac_nonexistent.h>
                            ^
compilation terminated.
configure:4751: $? = 1
configure: failed program was:
| /* confdefs.h */
| #define PACKAGE_NAME "libpng"
| #define PACKAGE_TARNAME "libpng"
| #define PACKAGE_VERSION "1.6.22"
| #define PACKAGE_STRING "libpng 1.6.22"
| #define PACKAGE_BUGREPORT "png-mng-implement@lists.sourceforge.net"
| #define PACKAGE_URL ""
| #define PACKAGE "libpng"
| #define VERSION "1.6.22"
| /* end confdefs.h.  */
| #include <ac_nonexistent.h>
configure:4783: checking for gawk
configure:4810: result: gawk
configure:4822: checking whether ln -s works
configure:4826: result: yes
configure:4833: checking whether make sets $(MAKE)
configure:4855: result: yes
configure:4907: checking for BSD- or MS-compatible name lister (nm)
configure:4961: result: /usr/bin/nm -B
configure:5091: checking the name lister (/usr/bin/nm -B) interface
configure:5098: gcc -c -g -O2  conftest.c >&5
configure:5101: /usr/bin/nm -B "conftest.o"
configure:5104: output
0000000000000000 B some_variable
configure:5111: result: BSD nm
configure:5115: checking the maximum length of command line arguments
configure:5246: result: 1572864
configure:5294: checking how to convert x86_64-unknown-linux-gnu file names to x86_64-unknown-linux-gnu format
configure:5334: result: func_convert_file_noop
configure:5341: checking how to convert x86_64-unknown-linux-gnu file names to toolchain format
configure:5361: result: func_convert_file_noop
configure:5368: checking for /usr/bin/ld option to reload object files
configure:5375: result: -r
configure:5449: checking for objdump
configure:5465: found /usr/bin/objdump
configure:5476: result: objdump
configure:5505: checking how to recognize dependent libraries
configure:5705: result: pass_all
configure:5790: checking for dlltool
configure:5820: result: no
configure:5847: checking how to associate runtime and link libraries
configure:5874: result: printf %s\n
configure:5935: checking for ar
configure:5951: found /usr/bin/ar
configure:5962: result: ar
configure:5999: checking for archiver @FILE support
configure:6016: gcc -c -g -O2  conftest.c >&5
configure:6016: $? = 0
configure:6019: ar cru libconftest.a @conftest.lst >&5
configure:6022: $? = 0
configure:6027: ar cru libconftest.a @conftest.lst >&5
ar: conftest.o: No such file or directory
configure:6030: $? = 1
configure:6042: result: @
configure:6100: checking for strip
configure:6116: found /usr/bin/strip
configure:6127: result: strip
configure:6199: checking for ranlib
configure:6215: found /usr/bin/ranlib
configure:6226: result: ranlib
configure:6328: checking command to parse /usr/bin/nm -B output from gcc object
configure:6481: gcc -c -g -O2  conftest.c >&5
configure:6484: $? = 0
configure:6488: /usr/bin/nm -B conftest.o \| sed -n -e 's/^.*[ ]\([ABCDGIRSTW][ABCDGIRSTW]*\)[ ][ ]*\([_A-Za-z][_A-Za-z0-9]*\)$/\1 \2 \2/p' | sed '/ __gnu_lto/d' \> conftest.nm
configure:6491: $? = 0
configure:6557: gcc -o conftest -g -O2   conftest.c conftstm.o >&5
configure:6560: $? = 0
configure:6598: result: ok
configure:6645: checking for sysroot
configure:6675: result: no
configure:6682: checking for a working dd
configure:6720: result: /bin/dd
configure:6724: checking how to truncate binary pipes
configure:6739: result: /bin/dd bs=4096 count=1
configure:6875: gcc -c -g -O2  conftest.c >&5
configure:6878: $? = 0
configure:7068: checking for mt
configure:7084: found /bin/mt
configure:7095: result: mt
configure:7118: checking if mt is a manifest tool
configure:7124: mt '-?'
configure:7132: result: no
configure:7805: checking for ANSI C header files
configure:7825: gcc -c -g -O2  conftest.c >&5
configure:7825: $? = 0
configure:7898: gcc -o conftest -g -O2   conftest.c  >&5
configure:7898: $? = 0
configure:7898: ./conftest
configure:7898: $? = 0
configure:7909: result: yes
configure:7922: checking for sys/types.h
configure:7922: gcc -c -g -O2  conftest.c >&5
configure:7922: $? = 0
configure:7922: result: yes
configure:7922: checking for sys/stat.h
configure:7922: gcc -c -g -O2  conftest.c >&5
configure:7922: $? = 0
configure:7922: result: yes
configure:7922: checking for stdlib.h
configure:7922: gcc -c -g -O2  conftest.c >&5
configure:7922: $? = 0
configure:7922: result: yes
configure:7922: checking for string.h
configure:7922: gcc -c -g -O2  conftest.c >&5
configure:7922: $? = 0
configure:7922: result: yes
configure:7922: checking for memory.h
configure:7922: gcc -c -g -O2  conftest.c >&5
configure:7922: $? = 0
configure:7922: result: yes
configure:7922: checking for strings.h
configure:7922: gcc -c -g -O2  conftest.c >&5
configure:7922: $? = 0
configure:7922: result: yes
configure:7922: checking for inttypes.h
configure:7922: gcc -c -g -O2  conftest.c >&5
configure:7922: $? = 0
configure:7922: result: yes
configure:7922: checking for stdint.h
configure:7922: gcc -c -g -O2  conftest.c >&5
configure:7922: $? = 0
configure:7922: result: yes
configure:7922: checking for unistd.h
configure:7922: gcc -c -g -O2  conftest.c >&5
configure:7922: $? = 0
configure:7922: result: yes
configure:7936: checking for dlfcn.h
configure:7936: gcc -c -g -O2  conftest.c >&5
configure:7936: $? = 0
configure:7936: result: yes
configure:8490: checking for objdir
configure:8505: result: .libs
configure:8769: checking if gcc supports -fno-rtti -fno-exceptions
configure:8787: gcc -c -g -O2  -fno-rtti -fno-exceptions conftest.c >&5
cc1: warning: command line option '-fno-rtti' is valid for C++/ObjC++ but not for C [enabled by default]
configure:8791: $? = 0
configure:8804: result: no
configure:9162: checking for gcc option to produce PIC
configure:9169: result: -fPIC -DPIC
configure:9177: checking if gcc PIC flag -fPIC -DPIC works
configure:9195: gcc -c -g -O2  -fPIC -DPIC -DPIC conftest.c >&5
configure:9199: $? = 0
configure:9212: result: yes
configure:9241: checking if gcc static flag -static works
configure:9269: result: yes
configure:9284: checking if gcc supports -c -o file.o
configure:9305: gcc -c -g -O2  -o out/conftest2.o conftest.c >&5
configure:9309: $? = 0
configure:9331: result: yes
configure:9339: checking if gcc supports -c -o file.o
configure:9386: result: yes
configure:9419: checking whether the gcc linker (/usr/bin/ld -m elf_x86_64) supports shared libraries
configure:10678: result: yes
configure:10715: checking whether -lc should be explicitly linked in
configure:10723: gcc -c -g -O2  conftest.c >&5
configure:10726: $? = 0
configure:10741: gcc -shared  -fPIC -DPIC conftest.o  -v -Wl,-soname -Wl,conftest -o conftest 2\>\&1 \| /bin/grep  -lc  \>/dev/null 2\>\&1
configure:10744: $? = 0
configure:10758: result: no
configure:10918: checking dynamic linker characteristics
configure:11499: gcc -o conftest -g -O2   -Wl,-rpath -Wl,/foo conftest.c  >&5
configure:11499: $? = 0
configure:11736: result: GNU/Linux ld.so
configure:11858: checking how to hardcode library paths into programs
configure:11883: result: immediate
configure:12431: checking whether stripping libraries is possible
configure:12436: result: yes
configure:12471: checking if libtool supports shared libraries
configure:12473: result: yes
configure:12476: checking whether to build shared libraries
configure:12501: result: yes
configure:12504: checking whether to build static libraries
configure:12508: result: yes
configure:12549: checking that AWK works
configure:12555: result: ok
configure:12606: checking if we need to force back C standard to C89
configure:12622: gcc -c -g -O2  conftest.c >&5
configure:12622: $? = 0
configure:12623: result: no
configure:12638: checking for ANSI C header files
configure:12742: result: yes
configure:12752: checking for an ANSI C-conforming const
configure:12818: gcc -c -g -O2  conftest.c >&5
configure:12818: $? = 0
configure:12825: result: yes
configure:12833: checking for size_t
configure:12833: gcc -c -g -O2  conftest.c >&5
configure:12833: $? = 0
configure:12833: gcc -c -g -O2  conftest.c >&5
conftest.c: In function 'main':
conftest.c:60:21: error: expected expression before ')' token
 if (sizeof ((size_t)))
                     ^
configure:12833: $? = 1
configure: failed program was:
| /* confdefs.h */
| #define PACKAGE_NAME "libpng"
| #define PACKAGE_TARNAME "libpng"
| #define PACKAGE_VERSION "1.6.22"
| #define PACKAGE_STRING "libpng 1.6.22"
| #define PACKAGE_BUGREPORT "png-mng-implement@lists.sourceforge.net"
| #define PACKAGE_URL ""
| #define PACKAGE "libpng"
| #define VERSION "1.6.22"
| #define STDC_HEADERS 1
| #define HAVE_SYS_TYPES_H 1
| #define HAVE_SYS_STAT_H 1
| #define HAVE_STDLIB_H 1
| #define HAVE_STRING_H 1
| #define HAVE_MEMORY_H 1
| #define HAVE_STRINGS_H 1
| #define HAVE_INTTYPES_H 1
| #define HAVE_STDINT_H 1
| #define HAVE_UNISTD_H 1
| #define HAVE_DLFCN_H 1
| #define LT_OBJDIR ".libs/"
| #define STDC_HEADERS 1
| /* end confdefs.h.  */
| #include <stdio.h>
| #ifdef HAVE_SYS_TYPES_H
| # include <sys/types.h>
| #endif
| #ifdef HAVE_SYS_STAT_H
| # include <sys/stat.h>
| #endif
| #ifdef STDC_HEADERS
| # include <stdlib.h>
| # include <stddef.h>
| #else
| # ifdef HAVE_STDLIB_H
| #  include <stdlib.h>
| # endif
| #endif
| #ifdef HAVE_STRING_H
| # if !defined STDC_HEADERS && defined HAVE_MEMORY_H
| #  include <memory.h>
| # endif
| # include <string.h>
| #endif
| #ifdef HAVE_STRINGS_H
| # include <strings.h>
| #endif
| #ifdef HAVE_INTTYPES_H
| # include <inttypes.h>
| #endif
| #ifdef HAVE_STDINT_H
| # include <stdint.h>
| #endif
| #ifdef HAVE_UNISTD_H
| # include <unistd.h>
| #endif
| int
| main ()
| {
| if (sizeof ((size_t)))
| 	    return 0;
|   ;
|   return 0;
| }
configure:12833: result: yes
configure:12844: checking whether struct tm is in sys/time.h or time.h
configure:12864: gcc -c -g -O2  conftest.c >&5
configure:12864: $? = 0
configure:12871: result: time.h
configure:12879: checking for C/C++ restrict keyword
configure:12904: gcc -c -g -O2  conftest.c >&5
configure:12904: $? = 0
configure:12912: result: __restrict
configure:12927: checking for working strtod
configure:12968: gcc -o conftest -g -O2   conftest.c  >&5
configure:12968: $? = 0
configure:12968: ./conftest
configure:12968: $? = 0
configure:12978: result: yes
configure:13042: checking for memset
configure:13042: gcc -o conftest -g -O2   conftest.c  >&5
conftest.c:48:6: warning: conflicting types for built-in function 'memset' [enabled by default]
 char memset ();
      ^
configure:13042: $? = 0
configure:13042: result: yes
configure:13055: checking for pow
configure:13055: gcc -o conftest -g -O2   conftest.c  >&5
conftest.c:49:6: warning: conflicting types for built-in function 'pow' [enabled by default]
 char pow ();
      ^
/tmp/cc8Dn6aw.o: In function `main':
/home/ofir/workspace/booyah-android/app/src/main/jni/libpng/conftest.c:60: undefined reference to `pow'
collect2: error: ld returned 1 exit status
configure:13055: $? = 1
configure: failed program was:
| /* confdefs.h */
| #define PACKAGE_NAME "libpng"
| #define PACKAGE_TARNAME "libpng"
| #define PACKAGE_VERSION "1.6.22"
| #define PACKAGE_STRING "libpng 1.6.22"
| #define PACKAGE_BUGREPORT "png-mng-implement@lists.sourceforge.net"
| #define PACKAGE_URL ""
| #define PACKAGE "libpng"
| #define VERSION "1.6.22"
| #define STDC_HEADERS 1
| #define HAVE_SYS_TYPES_H 1
| #define HAVE_SYS_STAT_H 1
| #define HAVE_STDLIB_H 1
| #define HAVE_STRING_H 1
| #define HAVE_MEMORY_H 1
| #define HAVE_STRINGS_H 1
| #define HAVE_INTTYPES_H 1
| #define HAVE_STDINT_H 1
| #define HAVE_UNISTD_H 1
| #define HAVE_DLFCN_H 1
| #define LT_OBJDIR ".libs/"
| #define STDC_HEADERS 1
| #define restrict __restrict
| #define HAVE_MEMSET 1
| /* end confdefs.h.  */
| /* Define pow to an innocuous variant, in case <limits.h> declares pow.
|    For example, HP-UX 11i <limits.h> declares gettimeofday.  */
| #define pow innocuous_pow
| 
| /* System header to define __stub macros and hopefully few prototypes,
|     which can conflict with char pow (); below.
|     Prefer <limits.h> to <assert.h> if __STDC__ is defined, since
|     <limits.h> exists even on freestanding compilers.  */
| 
| #ifdef __STDC__
| # include <limits.h>
| #else
| # include <assert.h>
| #endif
| 
| #undef pow
| 
| /* Override any GCC internal prototype to avoid an error.
|    Use char because int might match the return type of a GCC
|    builtin and then its argument prototype would still apply.  */
| #ifdef __cplusplus
| extern "C"
| #endif
| char pow ();
| /* The GNU C library defines this for functions which it implements
|     to always fail with ENOSYS.  Some functions are actually named
|     something starting with __ and the normal name is an alias.  */
| #if defined __stub_pow || defined __stub___pow
| choke me
| #endif
| 
| int
| main ()
| {
| return pow ();
|   ;
|   return 0;
| }
configure:13055: result: no
configure:13062: checking for pow in -lm
configure:13087: gcc -o conftest -g -O2   conftest.c -lm   >&5
conftest.c:33:6: warning: conflicting types for built-in function 'pow' [enabled by default]
 char pow ();
      ^
configure:13087: $? = 0
configure:13096: result: yes
configure:13115: checking for clock_gettime
configure:13115: gcc -o conftest -g -O2   conftest.c -lm  >&5
configure:13115: $? = 0
configure:13115: result: yes
configure:13140: checking for zlibVersion in -lz
configure:13165: gcc -o conftest -g -O2   conftest.c -lz  -lm  >&5
configure:13165: $? = 0
configure:13174: result: yes
configure:13239: checking for feenableexcept in -lm
configure:13264: gcc -o conftest -g -O2   conftest.c -lm  -lz -lm  >&5
configure:13264: $? = 0
configure:13273: result: yes
configure:13286: checking for feenableexcept
configure:13286: gcc -o conftest -g -O2   conftest.c -lm -lz -lm  >&5
configure:13286: $? = 0
configure:13286: result: yes
configure:13296: checking if using Solaris linker
configure:13305: result: no
configure:13317: checking if libraries can be versioned
configure:13338: result: yes
configure:13360: checking for symbol prefix
configure:13367: result: 
configure:13389: pkgconfig directory is ${libdir}/pkgconfig
configure:13536: Extra options for compiler: 
configure:13654: checking that generated files are newer than configure
configure:13660: result: done
configure:13723: creating ./config.status

## ---------------------- ##
## Running config.status. ##
## ---------------------- ##

This file was extended by libpng config.status 1.6.22, which was
generated by GNU Autoconf 2.69.  Invocation command line was

  CONFIG_FILES    = 
  CONFIG_HEADERS  = 
  CONFIG_LINKS    = 
  CONFIG_COMMANDS = 
  $ ./config.status 

on ofir

config.status:1129: creating Makefile
config.status:1129: creating libpng.pc
config.status:1129: creating libpng-config
config.status:1129: creating config.h
config.status:1358: executing depfiles commands
config.status:1358: executing libtool commands

## ---------------- ##
## Cache variables. ##
## ---------------- ##

ac_cv_build=x86_64-unknown-linux-gnu
ac_cv_c_compiler_gnu=yes
ac_cv_c_const=yes
ac_cv_c_restrict=__restrict
ac_cv_env_CCASFLAGS_set=
ac_cv_env_CCASFLAGS_value=
ac_cv_env_CCAS_set=
ac_cv_env_CCAS_value=
ac_cv_env_CC_set=
ac_cv_env_CC_value=
ac_cv_env_CFLAGS_set=
ac_cv_env_CFLAGS_value=
ac_cv_env_CPPFLAGS_set=
ac_cv_env_CPPFLAGS_value=
ac_cv_env_CPP_set=
ac_cv_env_CPP_value=
ac_cv_env_LDFLAGS_set=
ac_cv_env_LDFLAGS_value=
ac_cv_env_LIBS_set=
ac_cv_env_LIBS_value=
ac_cv_env_LT_SYS_LIBRARY_PATH_set=
ac_cv_env_LT_SYS_LIBRARY_PATH_value=
ac_cv_env_PNG_COPTS_set=
ac_cv_env_PNG_COPTS_value=
ac_cv_env_build_alias_set=
ac_cv_env_build_alias_value=
ac_cv_env_host_alias_set=
ac_cv_env_host_alias_value=
ac_cv_env_target_alias_set=
ac_cv_env_target_alias_value=
ac_cv_func_clock_gettime=yes
ac_cv_func_feenableexcept=yes
ac_cv_func_memset=yes
ac_cv_func_pow=no
ac_cv_func_strtod=yes
ac_cv_header_dlfcn_h=yes
ac_cv_header_inttypes_h=yes
ac_cv_header_memory_h=yes
ac_cv_header_stdc=yes
ac_cv_header_stdint_h=yes
ac_cv_header_stdlib_h=yes
ac_cv_header_string_h=yes
ac_cv_header_strings_h=yes
ac_cv_header_sys_stat_h=yes
ac_cv_header_sys_types_h=yes
ac_cv_header_unistd_h=yes
ac_cv_host=x86_64-unknown-linux-gnu
ac_cv_lib_m_feenableexcept=yes
ac_cv_lib_m_pow=yes
ac_cv_lib_z_zlibVersion=yes
ac_cv_objext=o
ac_cv_path_EGREP='/bin/grep -E'
ac_cv_path_FGREP='/bin/grep -F'
ac_cv_path_GREP=/bin/grep
ac_cv_path_SED=/bin/sed
ac_cv_path_install='/usr/bin/install -c'
ac_cv_path_lt_DD=/bin/dd
ac_cv_path_mkdir=/bin/mkdir
ac_cv_prog_AWK=gawk
ac_cv_prog_CPP='gcc -E'
ac_cv_prog_ac_ct_AR=ar
ac_cv_prog_ac_ct_CC=gcc
ac_cv_prog_ac_ct_MANIFEST_TOOL=mt
ac_cv_prog_ac_ct_OBJDUMP=objdump
ac_cv_prog_ac_ct_RANLIB=ranlib
ac_cv_prog_ac_ct_STRIP=strip
ac_cv_prog_cc_c89=
ac_cv_prog_cc_g=yes
ac_cv_prog_make_make_set=yes
ac_cv_struct_tm=time.h
ac_cv_type_size_t=yes
am_cv_CCAS_dependencies_compiler_type=gcc3
am_cv_CC_dependencies_compiler_type=gcc3
am_cv_make_support_nested_variables=yes
am_cv_prog_cc_c_o=yes
lt_cv_ar_at_file=@
lt_cv_archive_cmds_need_lc=no
lt_cv_deplibs_check_method=pass_all
lt_cv_file_magic_cmd='$MAGIC_CMD'
lt_cv_file_magic_test_file=
lt_cv_ld_reload_flag=-r
lt_cv_nm_interface='BSD nm'
lt_cv_objdir=.libs
lt_cv_path_LD=/usr/bin/ld
lt_cv_path_NM='/usr/bin/nm -B'
lt_cv_path_mainfest_tool=no
lt_cv_prog_compiler_c_o=yes
lt_cv_prog_compiler_pic='-fPIC -DPIC'
lt_cv_prog_compiler_pic_works=yes
lt_cv_prog_compiler_rtti_exceptions=no
lt_cv_prog_compiler_static_works=yes
lt_cv_prog_gnu_ld=yes
lt_cv_sharedlib_from_linklib_cmd='printf %s\n'
lt_cv_shlibpath_overrides_runpath=no
lt_cv_sys_global_symbol_pipe='sed -n -e '\''s/^.*[	 ]\([ABCDGIRSTW][ABCDGIRSTW]*\)[	 ][	 ]*\([_A-Za-z][_A-Za-z0-9]*\)$/\1 \2 \2/p'\'' | sed '\''/ __gnu_lto/d'\'''
lt_cv_sys_global_symbol_to_c_name_address='sed -n -e '\''s/^: \(.*\) .*$/  {"\1", (void *) 0},/p'\'' -e '\''s/^[ABCDGIRSTW][ABCDGIRSTW]* .* \(.*\)$/  {"\1", (void *) \&\1},/p'\'''
lt_cv_sys_global_symbol_to_c_name_address_lib_prefix='sed -n -e '\''s/^: \(.*\) .*$/  {"\1", (void *) 0},/p'\'' -e '\''s/^[ABCDGIRSTW][ABCDGIRSTW]* .* \(lib.*\)$/  {"\1", (void *) \&\1},/p'\'' -e '\''s/^[ABCDGIRSTW][ABCDGIRSTW]* .* \(.*\)$/  {"lib\1", (void *) \&\1},/p'\'''
lt_cv_sys_global_symbol_to_cdecl='sed -n -e '\''s/^T .* \(.*\)$/extern int \1();/p'\'' -e '\''s/^[ABCDGIRSTW][ABCDGIRSTW]* .* \(.*\)$/extern char \1;/p'\'''
lt_cv_sys_global_symbol_to_import=
lt_cv_sys_max_cmd_len=1572864
lt_cv_to_host_file_cmd=func_convert_file_noop
lt_cv_to_tool_file_cmd=func_convert_file_noop
lt_cv_truncate_bin='/bin/dd bs=4096 count=1'

## ----------------- ##
## Output variables. ##
## ----------------- ##

ACLOCAL='${SHELL} /home/ofir/workspace/booyah-android/app/src/main/jni/libpng/missing aclocal-1.15'
AMDEPBACKSLASH='\'
AMDEP_FALSE='#'
AMDEP_TRUE=''
AMTAR='$${TAR-tar}'
AM_BACKSLASH='\'
AM_DEFAULT_V='$(AM_DEFAULT_VERBOSITY)'
AM_DEFAULT_VERBOSITY='1'
AM_V='$(V)'
AR='ar'
AS='as'
AUTOCONF='${SHELL} /home/ofir/workspace/booyah-android/app/src/main/jni/libpng/missing autoconf'
AUTOHEADER='${SHELL} /home/ofir/workspace/booyah-android/app/src/main/jni/libpng/missing autoheader'
AUTOMAKE='${SHELL} /home/ofir/workspace/booyah-android/app/src/main/jni/libpng/missing automake-1.15'
AWK='gawk'
CC='gcc'
CCAS='gcc'
CCASDEPMODE='depmode=gcc3'
CCASFLAGS='-g -O2'
CCDEPMODE='depmode=gcc3'
CFLAGS='-g -O2'
CPP='gcc -E'
CPPFLAGS=''
CYGPATH_W='echo'
DEFS='-DHAVE_CONFIG_H'
DEPDIR='.deps'
DFNCPP='gcc -E'
DLLTOOL='false'
DO_INSTALL_LIBPNG_CONFIG_FALSE='#'
DO_INSTALL_LIBPNG_CONFIG_TRUE=''
DO_INSTALL_LIBPNG_PC_FALSE='#'
DO_INSTALL_LIBPNG_PC_TRUE=''
DO_INSTALL_LINKS_FALSE='#'
DO_INSTALL_LINKS_TRUE=''
DO_PNG_PREFIX_FALSE=''
DO_PNG_PREFIX_TRUE='#'
DSYMUTIL=''
DUMPBIN=''
ECHO_C=''
ECHO_N='-n'
ECHO_T=''
EGREP='/bin/grep -E'
EXEEXT=''
FGREP='/bin/grep -F'
GREP='/bin/grep'
HAVE_CLOCK_GETTIME_FALSE='#'
HAVE_CLOCK_GETTIME_TRUE=''
HAVE_LD_VERSION_SCRIPT_FALSE='#'
HAVE_LD_VERSION_SCRIPT_TRUE=''
HAVE_SOLARIS_LD_FALSE=''
HAVE_SOLARIS_LD_TRUE='#'
INSTALL_DATA='${INSTALL} -m 644'
INSTALL_PROGRAM='${INSTALL}'
INSTALL_SCRIPT='${INSTALL}'
INSTALL_STRIP_PROGRAM='$(install_sh) -c -s'
LD='/usr/bin/ld -m elf_x86_64'
LDFLAGS=''
LIBOBJS=''
LIBS='-lm -lz -lm '
LIBTOOL='$(SHELL) $(top_builddir)/libtool'
LIPO=''
LN_S='ln -s'
LTLIBOBJS=''
LT_SYS_LIBRARY_PATH=''
MAINT='#'
MAINTAINER_MODE_FALSE=''
MAINTAINER_MODE_TRUE='#'
MAKEINFO='${SHELL} /home/ofir/workspace/booyah-android/app/src/main/jni/libpng/missing makeinfo'
MANIFEST_TOOL=':'
MKDIR_P='/bin/mkdir -p'
NM='/usr/bin/nm -B'
NMEDIT=''
OBJDUMP='objdump'
OBJEXT='o'
OTOOL64=''
OTOOL=''
PACKAGE='libpng'
PACKAGE_BUGREPORT='png-mng-implement@lists.sourceforge.net'
PACKAGE_NAME='libpng'
PACKAGE_STRING='libpng 1.6.22'
PACKAGE_TARNAME='libpng'
PACKAGE_URL=''
PACKAGE_VERSION='1.6.22'
PATH_SEPARATOR=':'
PNGLIB_MAJOR='1'
PNGLIB_MINOR='6'
PNGLIB_RELEASE='22'
PNGLIB_VERSION='1.6.22'
PNG_ARM_NEON_FALSE=''
PNG_ARM_NEON_TRUE='#'
PNG_COPTS=''
PNG_PREFIX=''
POW_LIB=''
RANLIB='ranlib'
SED='/bin/sed'
SET_MAKE=''
SHELL='/bin/bash'
STRIP='strip'
SYMBOL_PREFIX=''
VERSION='1.6.22'
ac_ct_AR='ar'
ac_ct_CC='gcc'
ac_ct_DUMPBIN=''
am__EXEEXT_FALSE=''
am__EXEEXT_TRUE='#'
am__fastdepCCAS_FALSE='#'
am__fastdepCCAS_TRUE=''
am__fastdepCC_FALSE='#'
am__fastdepCC_TRUE=''
am__include='include'
am__isrc=''
am__leading_dot='.'
am__nodep='_no'
am__quote=''
am__tar='$${TAR-tar} chof - "$$tardir"'
am__untar='$${TAR-tar} xf -'
binconfigs='${binconfigs}'
bindir='${exec_prefix}/bin'
build='x86_64-unknown-linux-gnu'
build_alias=''
build_cpu='x86_64'
build_os='linux-gnu'
build_vendor='unknown'
datadir='${datarootdir}'
datarootdir='${prefix}/share'
docdir='${datarootdir}/doc/${PACKAGE_TARNAME}'
dvidir='${docdir}'
exec_prefix='${prefix}'
host='x86_64-unknown-linux-gnu'
host_alias=''
host_cpu='x86_64'
host_os='linux-gnu'
host_vendor='unknown'
htmldir='${docdir}'
includedir='${prefix}/include'
infodir='${datarootdir}/info'
install_sh='${SHELL} /home/ofir/workspace/booyah-android/app/src/main/jni/libpng/install-sh'
libdir='${exec_prefix}/lib'
libexecdir='${exec_prefix}/libexec'
localedir='${datarootdir}/locale'
localstatedir='${prefix}/var'
mandir='${datarootdir}/man'
mkdir_p='$(MKDIR_P)'
oldincludedir='/usr/include'
pdfdir='${docdir}'
pkgconfigdir='${libdir}/pkgconfig'
prefix='/usr/local'
program_transform_name='s,x,x,'
psdir='${docdir}'
sbindir='${exec_prefix}/sbin'
sharedstatedir='${prefix}/com'
sysconfdir='${prefix}/etc'
target_alias=''

## ----------- ##
## confdefs.h. ##
## ----------- ##

/* confdefs.h */
#define PACKAGE_NAME "libpng"
#define PACKAGE_TARNAME "libpng"
#define PACKAGE_VERSION "1.6.22"
#define PACKAGE_STRING "libpng 1.6.22"
#define PACKAGE_BUGREPORT "png-mng-implement@lists.sourceforge.net"
#define PACKAGE_URL ""
#define PACKAGE "libpng"
#define VERSION "1.6.22"
#define STDC_HEADERS 1
#define HAVE_SYS_TYPES_H 1
#define HAVE_SYS_STAT_H 1
#define HAVE_STDLIB_H 1
#define HAVE_STRING_H 1
#define HAVE_MEMORY_H 1
#define HAVE_STRINGS_H 1
#define HAVE_INTTYPES_H 1
#define HAVE_STDINT_H 1
#define HAVE_UNISTD_H 1
#define HAVE_DLFCN_H 1
#define LT_OBJDIR ".libs/"
#define STDC_HEADERS 1
#define restrict __restrict
#define HAVE_MEMSET 1
#define HAVE_LIBM 1
#define HAVE_LIBZ 1
#define HAVE_LIBM 1
#define HAVE_FEENABLEEXCEPT 1

configure: exit 0
